c:\users\ra4-2012\desktop\proj\esi-nikpues\queueingservice\winsockserver\debug\vc140.pdb
c:\users\ra4-2012\desktop\proj\esi-nikpues\queueingservice\winsockserver\debug\vc140.idb
c:\users\ra4-2012\desktop\proj\esi-nikpues\queueingservice\winsockserver\debug\server.obj
c:\users\ra4-2012\desktop\proj\esi-nikpues\queueingservice\winsockserver\debug\winsockserver.vcxprojresolveassemblyreference.cache
c:\users\ra4-2012\desktop\proj\esi-nikpues\queueingservice\winsockserver\debug\server.obj.enc
c:\users\ra4-2012\desktop\proj\esi-nikpues\queueingservice\debug\server.pdb
c:\users\ra4-2012\desktop\proj\esi-nikpues\queueingservice\winsockserver\debug\server.tlog\cl.command.1.tlog
c:\users\ra4-2012\desktop\proj\esi-nikpues\queueingservice\winsockserver\debug\server.tlog\cl.read.1.tlog
c:\users\ra4-2012\desktop\proj\esi-nikpues\queueingservice\winsockserver\debug\server.tlog\cl.write.1.tlog
c:\users\ra4-2012\desktop\proj\esi-nikpues\queueingservice\winsockserver\debug\server.tlog\link-cvtres.read.1.tlog
c:\users\ra4-2012\desktop\proj\esi-nikpues\queueingservice\winsockserver\debug\server.tlog\link-cvtres.write.1.tlog
c:\users\ra4-2012\desktop\proj\esi-nikpues\queueingservice\winsockserver\debug\server.tlog\link-rc.read.1.tlog
c:\users\ra4-2012\desktop\proj\esi-nikpues\queueingservice\winsockserver\debug\server.tlog\link-rc.write.1.tlog
c:\users\ra4-2012\desktop\proj\esi-nikpues\queueingservice\winsockserver\debug\server.tlog\link.2236-cvtres.read.1.tlog
c:\users\ra4-2012\desktop\proj\esi-nikpues\queueingservice\winsockserver\debug\server.tlog\link.2236-cvtres.write.1.tlog
c:\users\ra4-2012\desktop\proj\esi-nikpues\queueingservice\winsockserver\debug\server.tlog\link.2236-rc.read.1.tlog
c:\users\ra4-2012\desktop\proj\esi-nikpues\queueingservice\winsockserver\debug\server.tlog\link.2236-rc.write.1.tlog
c:\users\ra4-2012\desktop\proj\esi-nikpues\queueingservice\winsockserver\debug\server.tlog\link.2236.read.1.tlog
c:\users\ra4-2012\desktop\proj\esi-nikpues\queueingservice\winsockserver\debug\server.tlog\link.2236.write.1.tlog
c:\users\ra4-2012\desktop\proj\esi-nikpues\queueingservice\winsockserver\debug\server.tlog\link.command.1.tlog
c:\users\ra4-2012\desktop\proj\esi-nikpues\queueingservice\winsockserver\debug\server.tlog\link.read.1.tlog
c:\users\ra4-2012\desktop\proj\esi-nikpues\queueingservice\winsockserver\debug\server.tlog\link.write.1.tlog
