  stdafx.cpp
  util.cpp
c:\users\ra4-2012\documents\esi-nikpues\winsock_tcp_blocking\socketnonblocking\util.cpp(1): warning C4627: '#include "util.h"': skipped when looking for precompiled header use
  c:\users\ra4-2012\documents\esi-nikpues\winsock_tcp_blocking\socketnonblocking\util.cpp(1): note: Add directive to 'stdafx.h' or rebuild precompiled header
  test.cpp
c:\users\ra4-2012\documents\esi-nikpues\winsock_tcp_blocking\socketnonblocking\test.cpp(1): warning C4627: '#include "util.h"': skipped when looking for precompiled header use
  c:\users\ra4-2012\documents\esi-nikpues\winsock_tcp_blocking\socketnonblocking\test.cpp(1): note: Add directive to 'stdafx.h' or rebuild precompiled header
  socketNB.cpp
c:\program files (x86)\windows kits\8.1\include\shared\ws2def.h(100): warning C4005: 'AF_IPX': macro redefinition
  c:\program files (x86)\windows kits\8.1\include\um\winsock.h(452): note: see previous definition of 'AF_IPX'
c:\program files (x86)\windows kits\8.1\include\shared\ws2def.h(140): warning C4005: 'AF_MAX': macro redefinition
  c:\program files (x86)\windows kits\8.1\include\um\winsock.h(471): note: see previous definition of 'AF_MAX'
c:\program files (x86)\windows kits\8.1\include\shared\ws2def.h(177): warning C4005: 'SO_DONTLINGER': macro redefinition
  c:\program files (x86)\windows kits\8.1\include\um\winsock.h(394): note: see previous definition of 'SO_DONTLINGER'
c:\program files (x86)\windows kits\8.1\include\shared\ws2def.h(221): error C2011: 'sockaddr': 'struct' type redefinition
  c:\program files (x86)\windows kits\8.1\include\um\winsock.h(1002): note: see declaration of 'sockaddr'
c:\program files (x86)\windows kits\8.1\include\shared\ws2def.h(421): error C2059: syntax error: 'constant'
c:\program files (x86)\windows kits\8.1\include\shared\ws2def.h(421): error C3805: 'constant': unexpected token, expected either '}' or a ','
c:\program files (x86)\windows kits\8.1\include\shared\ws2def.h(556): warning C4005: 'IN_CLASSA': macro redefinition
  c:\program files (x86)\windows kits\8.1\include\um\winsock.h(279): note: see previous definition of 'IN_CLASSA'
c:\program files (x86)\windows kits\8.1\include\shared\ws2def.h(562): warning C4005: 'IN_CLASSB': macro redefinition
  c:\program files (x86)\windows kits\8.1\include\um\winsock.h(285): note: see previous definition of 'IN_CLASSB'
c:\program files (x86)\windows kits\8.1\include\shared\ws2def.h(568): warning C4005: 'IN_CLASSC': macro redefinition
  c:\program files (x86)\windows kits\8.1\include\um\winsock.h(291): note: see previous definition of 'IN_CLASSC'
c:\program files (x86)\windows kits\8.1\include\shared\ws2def.h(579): warning C4005: 'INADDR_ANY': macro redefinition
  c:\program files (x86)\windows kits\8.1\include\um\winsock.h(296): note: see previous definition of 'INADDR_ANY'
c:\program files (x86)\windows kits\8.1\include\shared\ws2def.h(581): warning C4005: 'INADDR_BROADCAST': macro redefinition
  c:\program files (x86)\windows kits\8.1\include\um\winsock.h(298): note: see previous definition of 'INADDR_BROADCAST'
c:\program files (x86)\windows kits\8.1\include\shared\ws2def.h(615): error C2011: 'sockaddr_in': 'struct' type redefinition
  c:\program files (x86)\windows kits\8.1\include\um\winsock.h(1006): note: see declaration of 'sockaddr_in'
c:\program files (x86)\windows kits\8.1\include\um\winsock2.h(136): error C2011: 'fd_set': 'struct' type redefinition
  c:\program files (x86)\windows kits\8.1\include\um\winsock.h(1014): note: see declaration of 'fd_set'
c:\program files (x86)\windows kits\8.1\include\um\winsock2.h(156): warning C4005: 'FD_CLR': macro redefinition
  c:\program files (x86)\windows kits\8.1\include\um\winsock.h(89): note: see previous definition of 'FD_CLR'
c:\program files (x86)\windows kits\8.1\include\um\winsock2.h(171): warning C4005: 'FD_SET': macro redefinition
  c:\program files (x86)\windows kits\8.1\include\um\winsock.h(94): note: see previous definition of 'FD_SET'
c:\program files (x86)\windows kits\8.1\include\um\winsock2.h(180): error C2011: 'timeval': 'struct' type redefinition
  c:\program files (x86)\windows kits\8.1\include\um\winsock.h(1030): note: see declaration of 'timeval'
c:\program files (x86)\windows kits\8.1\include\um\winsock2.h(236): error C2011: 'hostent': 'struct' type redefinition
  c:\program files (x86)\windows kits\8.1\include\um\winsock.h(1018): note: see declaration of 'hostent'
c:\program files (x86)\windows kits\8.1\include\um\winsock2.h(249): error C2011: 'netent': 'struct' type redefinition
  c:\program files (x86)\windows kits\8.1\include\um\winsock.h(172): note: see declaration of 'netent'
c:\program files (x86)\windows kits\8.1\include\um\winsock2.h(256): error C2011: 'servent': 'struct' type redefinition
  c:\program files (x86)\windows kits\8.1\include\um\winsock.h(1022): note: see declaration of 'servent'
c:\program files (x86)\windows kits\8.1\include\um\winsock2.h(268): error C2011: 'protoent': 'struct' type redefinition
  c:\program files (x86)\windows kits\8.1\include\um\winsock.h(1026): note: see declaration of 'protoent'
c:\program files (x86)\windows kits\8.1\include\um\winsock2.h(364): error C2011: 'WSAData': 'struct' type redefinition
  c:\program files (x86)\windows kits\8.1\include\um\winsock.h(314): note: see declaration of 'WSAData'
c:\program files (x86)\windows kits\8.1\include\um\winsock2.h(462): error C2011: 'sockproto': 'struct' type redefinition
  c:\program files (x86)\windows kits\8.1\include\um\winsock.h(486): note: see declaration of 'sockproto'
c:\program files (x86)\windows kits\8.1\include\um\winsock2.h(504): error C2011: 'linger': 'struct' type redefinition
  c:\program files (x86)\windows kits\8.1\include\um\winsock.h(1010): note: see declaration of 'linger'
c:\program files (x86)\windows kits\8.1\include\um\winsock2.h(517): warning C4005: 'SOMAXCONN': macro redefinition
  c:\program files (x86)\windows kits\8.1\include\um\winsock.h(536): note: see previous definition of 'SOMAXCONN'
c:\program files (x86)\windows kits\8.1\include\um\winsock2.h(551): warning C4005: 'FD_READ': macro redefinition
  c:\program files (x86)\windows kits\8.1\include\um\winsock.h(554): note: see previous definition of 'FD_READ'
c:\program files (x86)\windows kits\8.1\include\um\winsock2.h(554): warning C4005: 'FD_WRITE': macro redefinition
  c:\program files (x86)\windows kits\8.1\include\um\winsock.h(555): note: see previous definition of 'FD_WRITE'
c:\program files (x86)\windows kits\8.1\include\um\winsock2.h(557): warning C4005: 'FD_OOB': macro redefinition
  c:\program files (x86)\windows kits\8.1\include\um\winsock.h(556): note: see previous definition of 'FD_OOB'
c:\program files (x86)\windows kits\8.1\include\um\winsock2.h(560): warning C4005: 'FD_ACCEPT': macro redefinition
  c:\program files (x86)\windows kits\8.1\include\um\winsock.h(557): note: see previous definition of 'FD_ACCEPT'
c:\program files (x86)\windows kits\8.1\include\um\winsock2.h(563): warning C4005: 'FD_CONNECT': macro redefinition
  c:\program files (x86)\windows kits\8.1\include\um\winsock.h(558): note: see previous definition of 'FD_CONNECT'
c:\program files (x86)\windows kits\8.1\include\um\winsock2.h(566): warning C4005: 'FD_CLOSE': macro redefinition
  c:\program files (x86)\windows kits\8.1\include\um\winsock.h(559): note: see previous definition of 'FD_CLOSE'
c:\program files (x86)\windows kits\8.1\include\um\winsock2.h(1650): error C2375: 'accept': redefinition; different linkage
  c:\program files (x86)\windows kits\8.1\include\um\winsock.h(734): note: see declaration of 'accept'
c:\program files (x86)\windows kits\8.1\include\um\winsock2.h(1672): error C2375: 'bind': redefinition; different linkage
  c:\program files (x86)\windows kits\8.1\include\um\winsock.h(739): note: see declaration of 'bind'
c:\program files (x86)\windows kits\8.1\include\um\winsock2.h(1691): error C2375: 'closesocket': redefinition; different linkage
  c:\program files (x86)\windows kits\8.1\include\um\winsock.h(744): note: see declaration of 'closesocket'
c:\program files (x86)\windows kits\8.1\include\um\winsock2.h(1710): error C2375: 'connect': redefinition; different linkage
  c:\program files (x86)\windows kits\8.1\include\um\winsock.h(746): note: see declaration of 'connect'
c:\program files (x86)\windows kits\8.1\include\um\winsock2.h(1731): error C2375: 'ioctlsocket': redefinition; different linkage
  c:\program files (x86)\windows kits\8.1\include\um\winsock.h(751): note: see declaration of 'ioctlsocket'
c:\program files (x86)\windows kits\8.1\include\um\winsock2.h(1752): error C2375: 'getpeername': redefinition; different linkage
  c:\program files (x86)\windows kits\8.1\include\um\winsock.h(756): note: see declaration of 'getpeername'
c:\program files (x86)\windows kits\8.1\include\um\winsock2.h(1773): error C2375: 'getsockname': redefinition; different linkage
  c:\program files (x86)\windows kits\8.1\include\um\winsock.h(761): note: see declaration of 'getsockname'
c:\program files (x86)\windows kits\8.1\include\um\winsock2.h(1796): error C2375: 'getsockopt': redefinition; different linkage
  c:\program files (x86)\windows kits\8.1\include\um\winsock.h(766): note: see declaration of 'getsockopt'
c:\program files (x86)\windows kits\8.1\include\um\winsock2.h(1817): error C2375: 'htonl': redefinition; different linkage
  c:\program files (x86)\windows kits\8.1\include\um\winsock.h(773): note: see declaration of 'htonl'
c:\program files (x86)\windows kits\8.1\include\um\winsock2.h(1834): error C2375: 'htons': redefinition; different linkage
  c:\program files (x86)\windows kits\8.1\include\um\winsock.h(775): note: see declaration of 'htons'
c:\program files (x86)\windows kits\8.1\include\um\winsock2.h(1852): error C2375: 'inet_addr': redefinition; different linkage
  c:\program files (x86)\windows kits\8.1\include\um\winsock.h(777): note: see declaration of 'inet_addr'
c:\program files (x86)\windows kits\8.1\include\um\winsock2.h(1870): error C2375: 'inet_ntoa': redefinition; different linkage
  c:\program files (x86)\windows kits\8.1\include\um\winsock.h(779): note: see declaration of 'inet_ntoa'
c:\program files (x86)\windows kits\8.1\include\um\winsock2.h(1971): error C2375: 'listen': redefinition; different linkage
  c:\program files (x86)\windows kits\8.1\include\um\winsock.h(781): note: see declaration of 'listen'
c:\program files (x86)\windows kits\8.1\include\um\winsock2.h(1989): error C2375: 'ntohl': redefinition; different linkage
  c:\program files (x86)\windows kits\8.1\include\um\winsock.h(785): note: see declaration of 'ntohl'
c:\program files (x86)\windows kits\8.1\include\um\winsock2.h(2006): error C2375: 'ntohs': redefinition; different linkage
  c:\program files (x86)\windows kits\8.1\include\um\winsock.h(787): note: see declaration of 'ntohs'
c:\program files (x86)\windows kits\8.1\include\um\winsock2.h(2026): error C2375: 'recv': redefinition; different linkage
  c:\program files (x86)\windows kits\8.1\include\um\winsock.h(789): note: see declaration of 'recv'
c:\program files (x86)\windows kits\8.1\include\um\winsock2.h(2051): error C2375: 'recvfrom': redefinition; different linkage
  c:\program files (x86)\windows kits\8.1\include\um\winsock.h(795): note: see declaration of 'recvfrom'
c:\program files (x86)\windows kits\8.1\include\um\winsock2.h(2077): error C2375: 'select': redefinition; different linkage
  c:\program files (x86)\windows kits\8.1\include\um\winsock.h(803): note: see declaration of 'select'
c:\program files (x86)\windows kits\8.1\include\um\winsock2.h(2101): error C2375: 'send': redefinition; different linkage
  c:\program files (x86)\windows kits\8.1\include\um\winsock.h(810): note: see declaration of 'send'
c:\program files (x86)\windows kits\8.1\include\um\winsock2.h(2126): error C2375: 'sendto': redefinition; different linkage
  c:\program files (x86)\windows kits\8.1\include\um\winsock.h(816): note: see declaration of 'sendto'
c:\program files (x86)\windows kits\8.1\include\um\winsock2.h(2152): error C2375: 'setsockopt': redefinition; different linkage
  c:\program files (x86)\windows kits\8.1\include\um\winsock.h(824): note: see declaration of 'setsockopt'
c:\program files (x86)\windows kits\8.1\include\um\winsock2.h(2174): error C2375: 'shutdown': redefinition; different linkage
  c:\program files (x86)\windows kits\8.1\include\um\winsock.h(831): note: see declaration of 'shutdown'
c:\program files (x86)\windows kits\8.1\include\um\winsock2.h(2195): error C2375: 'socket': redefinition; different linkage
  c:\program files (x86)\windows kits\8.1\include\um\winsock.h(835): note: see declaration of 'socket'
c:\program files (x86)\windows kits\8.1\include\um\winsock2.h(2220): error C2375: 'gethostbyaddr': redefinition; different linkage
  c:\program files (x86)\windows kits\8.1\include\um\winsock.h(842): note: see declaration of 'gethostbyaddr'
c:\program files (x86)\windows kits\8.1\include\um\winsock2.h(2240): error C2375: 'gethostbyname': redefinition; different linkage
  c:\program files (x86)\windows kits\8.1\include\um\winsock.h(847): note: see declaration of 'gethostbyname'
c:\program files (x86)\windows kits\8.1\include\um\winsock2.h(2258): error C2375: 'gethostname': redefinition; different linkage
  c:\program files (x86)\windows kits\8.1\include\um\winsock.h(849): note: see declaration of 'gethostname'
c:\program files (x86)\windows kits\8.1\include\um\winsock2.h(2298): error C2375: 'getservbyport': redefinition; different linkage
  c:\program files (x86)\windows kits\8.1\include\um\winsock.h(853): note: see declaration of 'getservbyport'
c:\program files (x86)\windows kits\8.1\include\um\winsock2.h(2317): error C2375: 'getservbyname': redefinition; different linkage
  c:\program files (x86)\windows kits\8.1\include\um\winsock.h(857): note: see declaration of 'getservbyname'
c:\program files (x86)\windows kits\8.1\include\um\winsock2.h(2335): error C2375: 'getprotobynumber': redefinition; different linkage
  c:\program files (x86)\windows kits\8.1\include\um\winsock.h(861): note: see declaration of 'getprotobynumber'
c:\program files (x86)\windows kits\8.1\include\um\winsock2.h(2352): error C2375: 'getprotobyname': redefinition; different linkage
  c:\program files (x86)\windows kits\8.1\include\um\winsock.h(863): note: see declaration of 'getprotobyname'
c:\program files (x86)\windows kits\8.1\include\um\winsock2.h(2373): error C2375: 'WSAStartup': redefinition; different linkage
  c:\program files (x86)\windows kits\8.1\include\um\winsock.h(867): note: see declaration of 'WSAStartup'
c:\program files (x86)\windows kits\8.1\include\um\winsock2.h(2392): error C2375: 'WSACleanup': redefinition; different linkage
  c:\program files (x86)\windows kits\8.1\include\um\winsock.h(871): note: see declaration of 'WSACleanup'
c:\program files (x86)\windows kits\8.1\include\um\winsock2.h(2409): error C2375: 'WSASetLastError': redefinition; different linkage
  c:\program files (x86)\windows kits\8.1\include\um\winsock.h(873): note: see declaration of 'WSASetLastError'
c:\program files (x86)\windows kits\8.1\include\um\winsock2.h(2426): error C2375: 'WSAGetLastError': redefinition; different linkage
  c:\program files (x86)\windows kits\8.1\include\um\winsock.h(875): note: see declaration of 'WSAGetLastError'
c:\program files (x86)\windows kits\8.1\include\um\winsock2.h(2447): error C2375: 'WSAIsBlocking': redefinition; different linkage
  c:\program files (x86)\windows kits\8.1\include\um\winsock.h(877): note: see declaration of 'WSAIsBlocking'
c:\program files (x86)\windows kits\8.1\include\um\winsock2.h(2465): error C2375: 'WSAUnhookBlockingHook': redefinition; different linkage
  c:\program files (x86)\windows kits\8.1\include\um\winsock.h(879): note: see declaration of 'WSAUnhookBlockingHook'
c:\program files (x86)\windows kits\8.1\include\um\winsock2.h(2483): error C2375: 'WSASetBlockingHook': redefinition; different linkage
  c:\program files (x86)\windows kits\8.1\include\um\winsock.h(881): note: see declaration of 'WSASetBlockingHook'
c:\program files (x86)\windows kits\8.1\include\um\winsock2.h(2501): error C2375: 'WSACancelBlockingCall': redefinition; different linkage
  c:\program files (x86)\windows kits\8.1\include\um\winsock.h(883): note: see declaration of 'WSACancelBlockingCall'
c:\program files (x86)\windows kits\8.1\include\um\winsock2.h(2524): error C2375: 'WSAAsyncGetServByName': redefinition; different linkage
  c:\program files (x86)\windows kits\8.1\include\um\winsock.h(885): note: see declaration of 'WSAAsyncGetServByName'
c:\program files (x86)\windows kits\8.1\include\um\winsock2.h(2552): error C2375: 'WSAAsyncGetServByPort': redefinition; different linkage
  c:\program files (x86)\windows kits\8.1\include\um\winsock.h(893): note: see declaration of 'WSAAsyncGetServByPort'
c:\program files (x86)\windows kits\8.1\include\um\winsock2.h(2579): error C2375: 'WSAAsyncGetProtoByName': redefinition; different linkage
  c:\program files (x86)\windows kits\8.1\include\um\winsock.h(901): note: see declaration of 'WSAAsyncGetProtoByName'
c:\program files (x86)\windows kits\8.1\include\um\winsock2.h(2605): error C2375: 'WSAAsyncGetProtoByNumber': redefinition; different linkage
  c:\program files (x86)\windows kits\8.1\include\um\winsock.h(908): note: see declaration of 'WSAAsyncGetProtoByNumber'
c:\program files (x86)\windows kits\8.1\include\um\winsock2.h(2631): error C2375: 'WSAAsyncGetHostByName': redefinition; different linkage
  c:\program files (x86)\windows kits\8.1\include\um\winsock.h(915): note: see declaration of 'WSAAsyncGetHostByName'
c:\program files (x86)\windows kits\8.1\include\um\winsock2.h(2659): error C2375: 'WSAAsyncGetHostByAddr': redefinition; different linkage
  c:\program files (x86)\windows kits\8.1\include\um\winsock.h(922): note: see declaration of 'WSAAsyncGetHostByAddr'
c:\program files (x86)\windows kits\8.1\include\um\winsock2.h(2683): error C2375: 'WSACancelAsyncRequest': redefinition; different linkage
  c:\program files (x86)\windows kits\8.1\include\um\winsock.h(931): note: see declaration of 'WSACancelAsyncRequest'
c:\program files (x86)\windows kits\8.1\include\um\winsock2.h(2704): error C2375: 'WSAAsyncSelect': redefinition; different linkage
  c:\program files (x86)\windows kits\8.1\include\um\winsock.h(933): note: see declaration of 'WSAAsyncSelect'
c:\users\ra4-2012\documents\esi-nikpues\winsock_tcp_blocking\socketnonblocking\socketnb.cpp(16): error C2079: 'set' uses undefined struct 'fd_set'
c:\users\ra4-2012\documents\esi-nikpues\winsock_tcp_blocking\socketnonblocking\socketnb.cpp(17): error C2079: 'timeVal' uses undefined struct 'timeval'
c:\users\ra4-2012\documents\esi-nikpues\winsock_tcp_blocking\socketnonblocking\socketnb.cpp(19): error C2027: use of undefined type 'fd_set'
  c:\program files (x86)\windows kits\8.1\include\um\winsock2.h(4252): note: see declaration of 'fd_set'
c:\users\ra4-2012\documents\esi-nikpues\winsock_tcp_blocking\socketnonblocking\socketnb.cpp(19): error C2227: left of '->fd_count' must point to class/struct/union/generic type
c:\users\ra4-2012\documents\esi-nikpues\winsock_tcp_blocking\socketnonblocking\socketnb.cpp(21): error C2027: use of undefined type 'fd_set'
  c:\program files (x86)\windows kits\8.1\include\um\winsock2.h(4252): note: see declaration of 'fd_set'
c:\users\ra4-2012\documents\esi-nikpues\winsock_tcp_blocking\socketnonblocking\socketnb.cpp(21): error C2227: left of '->fd_count' must point to class/struct/union/generic type
c:\users\ra4-2012\documents\esi-nikpues\winsock_tcp_blocking\socketnonblocking\socketnb.cpp(21): error C2227: left of '->fd_array' must point to class/struct/union/generic type
c:\users\ra4-2012\documents\esi-nikpues\winsock_tcp_blocking\socketnonblocking\socketnb.cpp(25): error C2228: left of '.tv_sec' must have class/struct/union
  c:\users\ra4-2012\documents\esi-nikpues\winsock_tcp_blocking\socketnonblocking\socketnb.cpp(25): note: type is 'int'
c:\users\ra4-2012\documents\esi-nikpues\winsock_tcp_blocking\socketnonblocking\socketnb.cpp(26): error C2228: left of '.tv_usec' must have class/struct/union
  c:\users\ra4-2012\documents\esi-nikpues\winsock_tcp_blocking\socketnonblocking\socketnb.cpp(26): note: type is 'int'
c:\users\ra4-2012\documents\esi-nikpues\winsock_tcp_blocking\socketnonblocking\socketnb.cpp(28): error C2568: '=': unable to resolve function overload
  c:\users\ra4-2012\documents\esi-nikpues\winsock_tcp_blocking\socketnonblocking\socketnb.cpp(28): note: could be 'int select(int,fd_set *,fd_set *,fd_set *,const timeval *)'
c:\users\ra4-2012\documents\esi-nikpues\winsock_tcp_blocking\socketnonblocking\socketnb.cpp(46): error C2568: '=': unable to resolve function overload
  c:\users\ra4-2012\documents\esi-nikpues\winsock_tcp_blocking\socketnonblocking\socketnb.cpp(46): note: could be 'int send(SOCKET,const char *,int,int)'
c:\users\ra4-2012\documents\esi-nikpues\winsock_tcp_blocking\socketnonblocking\socketnb.cpp(83): error C2079: 'set' uses undefined struct 'fd_set'
c:\users\ra4-2012\documents\esi-nikpues\winsock_tcp_blocking\socketnonblocking\socketnb.cpp(84): error C2079: 'timeVal' uses undefined struct 'timeval'
c:\users\ra4-2012\documents\esi-nikpues\winsock_tcp_blocking\socketnonblocking\socketnb.cpp(86): error C2027: use of undefined type 'fd_set'
  c:\program files (x86)\windows kits\8.1\include\um\winsock2.h(4252): note: see declaration of 'fd_set'
c:\users\ra4-2012\documents\esi-nikpues\winsock_tcp_blocking\socketnonblocking\socketnb.cpp(86): error C2227: left of '->fd_count' must point to class/struct/union/generic type
c:\users\ra4-2012\documents\esi-nikpues\winsock_tcp_blocking\socketnonblocking\socketnb.cpp(88): error C2027: use of undefined type 'fd_set'
  c:\program files (x86)\windows kits\8.1\include\um\winsock2.h(4252): note: see declaration of 'fd_set'
c:\users\ra4-2012\documents\esi-nikpues\winsock_tcp_blocking\socketnonblocking\socketnb.cpp(88): error C2227: left of '->fd_count' must point to class/struct/union/generic type
c:\users\ra4-2012\documents\esi-nikpues\winsock_tcp_blocking\socketnonblocking\socketnb.cpp(88): error C2227: left of '->fd_array' must point to class/struct/union/generic type
c:\users\ra4-2012\documents\esi-nikpues\winsock_tcp_blocking\socketnonblocking\socketnb.cpp(92): error C2228: left of '.tv_sec' must have class/struct/union
  c:\users\ra4-2012\documents\esi-nikpues\winsock_tcp_blocking\socketnonblocking\socketnb.cpp(92): note: type is 'int'
c:\users\ra4-2012\documents\esi-nikpues\winsock_tcp_blocking\socketnonblocking\socketnb.cpp(93): error C2228: left of '.tv_usec' must have class/struct/union
  c:\users\ra4-2012\documents\esi-nikpues\winsock_tcp_blocking\socketnonblocking\socketnb.cpp(93): note: type is 'int'
c:\users\ra4-2012\documents\esi-nikpues\winsock_tcp_blocking\socketnonblocking\socketnb.cpp(95): error C2568: '=': unable to resolve function overload
  c:\users\ra4-2012\documents\esi-nikpues\winsock_tcp_blocking\socketnonblocking\socketnb.cpp(95): note: could be 'int select(int,fd_set *,fd_set *,fd_set *,const timeval *)'
c:\users\ra4-2012\documents\esi-nikpues\winsock_tcp_blocking\socketnonblocking\socketnb.cpp(114): error C2568: '=': unable to resolve function overload
  c:\users\ra4-2012\documents\esi-nikpues\winsock_tcp_blocking\socketnonblocking\socketnb.cpp(114): note: could be 'int recv(SOCKET,char *,int,int)'
  Generating Code...
